<?xml version="1.0" encoding="UTF-8"?>
<testsuite name="challenge.TestOne" tests="8" skipped="0" failures="0" errors="0" timestamp="2021-08-06T18:37:00" hostname="ORNHEIM" time="0.031">
  <properties/>
  <testcase name="Test1()" classname="challenge.TestOne" time="0.021"/>
  <testcase name="Test2()" classname="challenge.TestOne" time="0.001"/>
  <testcase name="Test3()" classname="challenge.TestOne" time="0.001"/>
  <testcase name="Test4()" classname="challenge.TestOne" time="0.001"/>
  <testcase name="Test5()" classname="challenge.TestOne" time="0.001"/>
  <testcase name="Test6()" classname="challenge.TestOne" time="0.001"/>
  <testcase name="Test7()" classname="challenge.TestOne" time="0.001"/>
  <testcase name="Test8()" classname="challenge.TestOne" time="0.001"/>
  <system-out><![CDATA[test 1 passed
test 2 passed
test 3 passed
test 4 passed
test 5 passed
test 6 passed
test 7 passed
test 8 passed
]]></system-out>
  <system-err><![CDATA[]]></system-err>
</testsuite>
